QuadratumFinalYearProj/app/build/intermediates/manifest_merge_blame_file/debug/manifest-merger-blame-debug-report.txt
1<?xml version="1.0" encoding="utf-8"?>
2<manifest xmlns:android="http://schemas.android.com/apk/res/android"
3    package="com.example.quadratum"
4    android:versionCode="1"
5    android:versionName="1.0" >
6
7    <uses-sdk
8        android:minSdkVersion="21"
8-->src\main\AndroidManifest.xml
9        android:targetSdkVersion="32" />
9-->src\main\AndroidManifest.xml
10
11    <uses-permission android:name="android.permission.REORDER_TASKS" />
11-->[androidx.fragment:fragment-testing:1.4.1] AndroidManifest.xml:25:5-72
11-->[androidx.fragment:fragment-testing:1.4.1] AndroidManifest.xml:25:22-69
12
13    <application
13-->src\main\AndroidManifest.xml:5:5-42:19
14        android:allowBackup="true"
14-->src\main\AndroidManifest.xml:6:9-35
15        android:appComponentFactory="androidx.core.app.CoreComponentFactory"
15-->[androidx.core:core:1.8.0] AndroidManifest.xml:24:18-86
16        android:debuggable="true"
17        android:icon="@mipmap/quad_launcher"
17-->src\main\AndroidManifest.xml:7:9-45
18        android:label="@string/app_name"
18-->src\main\AndroidManifest.xml:8:9-41
19        android:roundIcon="@mipmap/quad_launcher"
19-->src\main\AndroidManifest.xml:9:9-50
20        android:supportsRtl="true"
20-->src\main\AndroidManifest.xml:10:9-35
21        android:testOnly="true"
22        android:theme="@style/Theme.Quadratum" >
22-->src\main\AndroidManifest.xml:11:9-47
23        <activity
23-->src\main\AndroidManifest.xml:12:9-14:40
24            android:name="com.example.quadratum.CreateNewActivitiy"
24-->src\main\AndroidManifest.xml:13:13-47
25            android:exported="false" />
25-->src\main\AndroidManifest.xml:14:13-37
26        <activity
26-->src\main\AndroidManifest.xml:15:9-17:40
27            android:name="com.example.quadratum.ExerciseDetailActivity"
27-->src\main\AndroidManifest.xml:16:13-51
28            android:exported="false" />
28-->src\main\AndroidManifest.xml:17:13-37
29        <activity android:name="com.example.quadratum.VerticalListActivity" >
29-->src\main\AndroidManifest.xml:18:9-22:20
29-->src\main\AndroidManifest.xml:18:19-55
30            <meta-data
30-->src\main\AndroidManifest.xml:19:13-21:70
31                android:name="android.support.PARENT_ACTIVITY"
31-->src\main\AndroidManifest.xml:20:17-63
32                android:value="com.example.quadratum.MainActivity" />
32-->src\main\AndroidManifest.xml:21:17-67
33        </activity>
34        <activity android:name="com.example.quadratum.HorizontalListActivity" >
34-->src\main\AndroidManifest.xml:23:9-27:20
34-->src\main\AndroidManifest.xml:23:19-57
35            <meta-data
35-->src\main\AndroidManifest.xml:19:13-21:70
36                android:name="android.support.PARENT_ACTIVITY"
36-->src\main\AndroidManifest.xml:20:17-63
37                android:value="com.example.quadratum.MainActivity" />
37-->src\main\AndroidManifest.xml:21:17-67
38        </activity>
39        <activity android:name="com.example.quadratum.GridListActivity" >
39-->src\main\AndroidManifest.xml:28:9-32:20
39-->src\main\AndroidManifest.xml:28:19-51
40            <meta-data
40-->src\main\AndroidManifest.xml:19:13-21:70
41                android:name="android.support.PARENT_ACTIVITY"
41-->src\main\AndroidManifest.xml:20:17-63
42                android:value="com.example.quadratum.MainActivity" />
42-->src\main\AndroidManifest.xml:21:17-67
43        </activity>
44        <activity
44-->src\main\AndroidManifest.xml:33:9-41:20
45            android:name="com.example.quadratum.MainActivity"
45-->src\main\AndroidManifest.xml:34:13-41
46            android:exported="true" >
46-->src\main\AndroidManifest.xml:35:13-36
47            <intent-filter>
47-->src\main\AndroidManifest.xml:36:13-40:29
48                <action android:name="android.intent.action.MAIN" />
48-->src\main\AndroidManifest.xml:37:17-69
48-->src\main\AndroidManifest.xml:37:25-66
49
50                <category android:name="android.intent.category.LAUNCHER" />
50-->src\main\AndroidManifest.xml:39:17-77
50-->src\main\AndroidManifest.xml:39:27-74
51            </intent-filter>
52        </activity>
53        <activity
53-->[androidx.fragment:fragment-testing:1.4.1] AndroidManifest.xml:28:9-37:20
54            android:name="androidx.fragment.app.testing.FragmentScenario$EmptyFragmentActivity"
54-->[androidx.fragment:fragment-testing:1.4.1] AndroidManifest.xml:29:13-96
55            android:exported="true"
55-->[androidx.fragment:fragment-testing:1.4.1] AndroidManifest.xml:30:13-36
56            android:multiprocess="true"
56-->[androidx.fragment:fragment-testing:1.4.1] AndroidManifest.xml:31:13-40
57            android:taskAffinity=""
57-->[androidx.fragment:fragment-testing:1.4.1] AndroidManifest.xml:32:13-36
58            android:theme="@style/FragmentScenarioEmptyFragmentActivityTheme" >
58-->[androidx.fragment:fragment-testing:1.4.1] AndroidManifest.xml:33:13-78
59            <intent-filter>
59-->[androidx.fragment:fragment-testing:1.4.1] AndroidManifest.xml:34:13-36:29
60                <action android:name="android.intent.action.MAIN" />
60-->src\main\AndroidManifest.xml:37:17-69
60-->src\main\AndroidManifest.xml:37:25-66
61            </intent-filter>
62        </activity>
63
64        <uses-library
64-->[androidx.window:window:1.0.0] AndroidManifest.xml:25:9-27:40
65            android:name="androidx.window.extensions"
65-->[androidx.window:window:1.0.0] AndroidManifest.xml:26:13-54
66            android:required="false" />
66-->[androidx.window:window:1.0.0] AndroidManifest.xml:27:13-37
67        <uses-library
67-->[androidx.window:window:1.0.0] AndroidManifest.xml:28:9-30:40
68            android:name="androidx.window.sidecar"
68-->[androidx.window:window:1.0.0] AndroidManifest.xml:29:13-51
69            android:required="false" />
69-->[androidx.window:window:1.0.0] AndroidManifest.xml:30:13-37
70
71        <activity
71-->[androidx.test:core:1.4.0] AndroidManifest.xml:27:9-34:20
72            android:name="androidx.test.core.app.InstrumentationActivityInvoker$BootstrapActivity"
72-->[androidx.test:core:1.4.0] AndroidManifest.xml:28:13-99
73            android:exported="true"
73-->[androidx.test:core:1.4.0] AndroidManifest.xml:29:13-36
74            android:theme="@android:style/Theme" >
74-->[androidx.test:core:1.4.0] AndroidManifest.xml:30:13-49
75            <intent-filter>
75-->[androidx.fragment:fragment-testing:1.4.1] AndroidManifest.xml:34:13-36:29
76                <action android:name="android.intent.action.MAIN" />
76-->src\main\AndroidManifest.xml:37:17-69
76-->src\main\AndroidManifest.xml:37:25-66
77            </intent-filter>
78        </activity>
79        <activity
79-->[androidx.test:core:1.4.0] AndroidManifest.xml:35:9-42:20
80            android:name="androidx.test.core.app.InstrumentationActivityInvoker$EmptyActivity"
80-->[androidx.test:core:1.4.0] AndroidManifest.xml:36:13-95
81            android:exported="true"
81-->[androidx.test:core:1.4.0] AndroidManifest.xml:37:13-36
82            android:theme="@android:style/Theme" >
82-->[androidx.test:core:1.4.0] AndroidManifest.xml:38:13-49
83            <intent-filter>
83-->[androidx.fragment:fragment-testing:1.4.1] AndroidManifest.xml:34:13-36:29
84                <action android:name="android.intent.action.MAIN" />
84-->src\main\AndroidManifest.xml:37:17-69
84-->src\main\AndroidManifest.xml:37:25-66
85            </intent-filter>
86        </activity>
87        <activity
87-->[androidx.test:core:1.4.0] AndroidManifest.xml:43:9-50:20
88            android:name="androidx.test.core.app.InstrumentationActivityInvoker$EmptyFloatingActivity"
88-->[androidx.test:core:1.4.0] AndroidManifest.xml:44:13-103
89            android:exported="true"
89-->[androidx.test:core:1.4.0] AndroidManifest.xml:45:13-36
90            android:theme="@android:style/Theme.Dialog" >
90-->[androidx.test:core:1.4.0] AndroidManifest.xml:46:13-56
91            <intent-filter>
91-->[androidx.fragment:fragment-testing:1.4.1] AndroidManifest.xml:34:13-36:29
92                <action android:name="android.intent.action.MAIN" />
92-->src\main\AndroidManifest.xml:37:17-69
92-->src\main\AndroidManifest.xml:37:25-66
93            </intent-filter>
94        </activity>
95
96        <provider
96-->[androidx.emoji2:emoji2:1.0.0] AndroidManifest.xml:26:9-34:20
97            android:name="androidx.startup.InitializationProvider"
97-->[androidx.emoji2:emoji2:1.0.0] AndroidManifest.xml:27:13-67
98            android:authorities="com.example.quadratum.androidx-startup"
98-->[androidx.emoji2:emoji2:1.0.0] AndroidManifest.xml:28:13-68
99            android:exported="false" >
99-->[androidx.emoji2:emoji2:1.0.0] AndroidManifest.xml:29:13-37
100            <meta-data
100-->[androidx.emoji2:emoji2:1.0.0] AndroidManifest.xml:31:13-33:52
101                android:name="androidx.emoji2.text.EmojiCompatInitializer"
101-->[androidx.emoji2:emoji2:1.0.0] AndroidManifest.xml:32:17-75
102                android:value="androidx.startup" />
102-->[androidx.emoji2:emoji2:1.0.0] AndroidManifest.xml:33:17-49
103            <meta-data
103-->[androidx.lifecycle:lifecycle-process:2.4.0] AndroidManifest.xml:31:13-33:52
104                android:name="androidx.lifecycle.ProcessLifecycleInitializer"
104-->[androidx.lifecycle:lifecycle-process:2.4.0] AndroidManifest.xml:32:17-78
105                android:value="androidx.startup" />
105-->[androidx.lifecycle:lifecycle-process:2.4.0] AndroidManifest.xml:33:17-49
106        </provider>
107    </application>
108
109</manifest>